<?xml version="1.0" encoding="UTF-8"?>
<!-- Generated by org.testng.reporters.JUnitXMLReporter -->
<testsuite ignored="2" hostname="DESKTOP-409UOGL" failures="0" tests="2" name="Test" time="11.492" errors="0" timestamp="2023-05-22T22:28:26 IST">
  <testcase classname="test.LoginOrangeTest" name="orangeLogin" time="7.003"/>
  <testcase classname="test.SearchGoogleTest" name="googlesearched" time="4.355"/>
  <testcase classname="pages.Base" name="@BeforeSuite initializeBrowser" time="0.0">
    <ignored/>
  </testcase> <!-- @BeforeSuite initializeBrowser -->
  <testcase classname="pages.Base" name="@AfterSuite closeBrowser" time="0.0">
    <ignored/>
  </testcase> <!-- @AfterSuite closeBrowser -->
</testsuite> <!-- Test -->
