<?xml version="1.0" encoding="UTF-8"?>
<!-- Generated by org.testng.reporters.JUnitXMLReporter -->
<testsuite ignored="2" hostname="UNICOI-QA32L" failures="0" tests="2" name="Testonchrome" time="13.151" errors="0" timestamp="2021-10-05T16:52:24 IST">
  <testcase classname="test.LoginOrangeTest" name="orangeLogin" time="8.285"/>
  <testcase classname="test.SearchGoogleTest" name="googlesearched" time="4.844"/>
  <testcase classname="pages.Base" name="@BeforeSuite initializeBrowser" time="0.0">
    <ignored/>
  </testcase> <!-- @BeforeSuite initializeBrowser -->
  <testcase classname="pages.Base" name="@AfterSuite closeBrowser" time="0.0">
    <ignored/>
  </testcase> <!-- @AfterSuite closeBrowser -->
</testsuite> <!-- Testonchrome -->
