<?xml version="1.0" encoding="UTF-8"?>
<testng-results ignored="2" total="4" passed="2" failed="0" skipped="0">
  <reporter-output>
  </reporter-output>
  <suite started-at="2023-05-22T22:28:15 IST" name="Suite" finished-at="2023-05-22T22:28:26 IST" duration-ms="11492">
    <groups>
    </groups>
    <test started-at="2023-05-22T22:28:15 IST" name="Test" finished-at="2023-05-22T22:28:26 IST" duration-ms="11492">
      <class name="test.SearchGoogleTest">
        <test-method signature="googlesearched()[pri:0, instance:test.SearchGoogleTest@483f6d77]" started-at="2023-05-22T22:28:22 IST" name="googlesearched" finished-at="2023-05-22T22:28:26 IST" duration-ms="4355" status="PASS">
          <reporter-output>
          </reporter-output>
        </test-method> <!-- googlesearched -->
        <test-method is-config="true" signature="screenShot(org.testng.ITestResult)[pri:0, instance:test.SearchGoogleTest@483f6d77]" started-at="2023-05-22T22:28:26 IST" name="screenShot" finished-at="2023-05-22T22:28:26 IST" duration-ms="1" status="PASS">
          <params>
            <param index="0">
              <value>
                <![CDATA[[TestResult name=googlesearched status=SUCCESS method=SearchGoogleTest.googlesearched()[pri:0, instance:test.SearchGoogleTest@483f6d77] output={null}]]]>
              </value>
            </param>
          </params>
          <reporter-output>
          </reporter-output>
        </test-method> <!-- screenShot -->
      </class> <!-- test.SearchGoogleTest -->
      <class name="test.LoginOrangeTest">
        <test-method is-config="true" signature="initializeBrowser(java.lang.String)[pri:0, instance:test.LoginOrangeTest@6f46426d]" started-at="2023-05-22T22:28:04 IST" name="initializeBrowser" finished-at="2023-05-22T22:28:15 IST" duration-ms="10458" status="PASS">
          <params>
            <param index="0">
              <value>
                <![CDATA[firefox]]>
              </value>
            </param>
          </params>
          <reporter-output>
          </reporter-output>
        </test-method> <!-- initializeBrowser -->
        <test-method signature="orangeLogin()[pri:0, instance:test.LoginOrangeTest@6f46426d]" started-at="2023-05-22T22:28:15 IST" name="orangeLogin" finished-at="2023-05-22T22:28:22 IST" duration-ms="7003" status="PASS">
          <reporter-output>
          </reporter-output>
        </test-method> <!-- orangeLogin -->
        <test-method is-config="true" signature="screenShot(org.testng.ITestResult)[pri:0, instance:test.LoginOrangeTest@6f46426d]" started-at="2023-05-22T22:28:22 IST" name="screenShot" finished-at="2023-05-22T22:28:22 IST" duration-ms="2" status="PASS">
          <params>
            <param index="0">
              <value>
                <![CDATA[[TestResult name=orangeLogin status=SUCCESS method=LoginOrangeTest.orangeLogin()[pri:0, instance:test.LoginOrangeTest@6f46426d] output={null}]]]>
              </value>
            </param>
          </params>
          <reporter-output>
          </reporter-output>
        </test-method> <!-- screenShot -->
        <test-method is-config="true" signature="closeBrowser()[pri:0, instance:test.LoginOrangeTest@6f46426d]" started-at="2023-05-22T22:28:26 IST" name="closeBrowser" finished-at="2023-05-22T22:28:29 IST" duration-ms="2676" status="PASS">
          <reporter-output>
          </reporter-output>
        </test-method> <!-- closeBrowser -->
      </class> <!-- test.LoginOrangeTest -->
    </test> <!-- Test -->
  </suite> <!-- Suite -->
</testng-results>
