<?xml version="1.0" encoding="UTF-8"?>
<!-- Generated by org.testng.reporters.JUnitXMLReporter -->
<testsuite ignored="0" hostname="UNICOI-QA32L" failures="1" tests="1" name="googlelogintest" time="11.592" errors="0" timestamp="2021-10-04T12:46:18 IST">
  <testcase classname="test.SearchGoogleTest" name="googlesearched" time="10.809">
    <failure type="java.lang.AssertionError" message="expected [Google] but found [OrangeHRM]">
      <![CDATA[java.lang.AssertionError: expected [Google] but found [OrangeHRM]
at test.SearchGoogleTest.googlesearched(SearchGoogleTest.java:23)
at java.base/java.util.ArrayList.forEach(ArrayList.java:1511)
at java.base/java.util.concurrent.FutureTask.run(FutureTask.java:264)
at java.base/java.util.concurrent.ThreadPoolExecutor.runWorker(ThreadPoolExecutor.java:1130)
at java.base/java.util.concurrent.ThreadPoolExecutor$Worker.run(ThreadPoolExecutor.java:630)
at java.base/java.lang.Thread.run(Thread.java:831)
... Removed 24 stack frames]]>
    </failure>
  </testcase> <!-- googlesearched -->
</testsuite> <!-- googlelogintest -->
